<?xml version="1.0" encoding="UTF-8"?>
<!-- Generated by org.testng.reporters.JUnitXMLReporter -->
<testsuite ignored="0" hostname="DESKTOP-CUIQ300" failures="0" tests="1" name="Transfer Fund Transaction Again Functionality Check" time="8.913" errors="0" timestamp="2019-11-16T04:54:16 EET">
  <testcase classname="com.webAppSecurities.zeroBank.transferfund.TransferFundAnotherTransactionVerify" name="transferfundanothertransactionverify" time="3.516"/>
</testsuite> <!-- Transfer Fund Transaction Again Functionality Check -->
